<?xml version="1.0" encoding="UTF-8"?>
<testng-results skipped="0" failed="0" ignored="0" total="1" passed="1">
  <reporter-output>
  </reporter-output>
  <suite name="Default suite" duration-ms="10002" started-at="2018-08-31T11:09:52Z" finished-at="2018-08-31T11:10:02Z">
    <groups>
    </groups>
    <test name="Default test" duration-ms="10002" started-at="2018-08-31T11:09:52Z" finished-at="2018-08-31T11:10:02Z">
      <class name="pageObjects.kqw">
        <test-method status="PASS" signature="testSiblingAndParentInXpath()[pri:0, instance:pageObjects.kqw@146ba0ac]" name="testSiblingAndParentInXpath" duration-ms="9977" started-at="2018-08-31T11:09:52Z" finished-at="2018-08-31T11:10:02Z">
          <reporter-output>
          </reporter-output>
        </test-method> <!-- testSiblingAndParentInXpath -->
      </class> <!-- pageObjects.kqw -->
    </test> <!-- Default test -->
  </suite> <!-- Default suite -->
</testng-results>
