<?xml version="1.0" encoding="UTF-8"?>
<testng-results skipped="0" failed="0" ignored="0" total="1" passed="1">
  <reporter-output>
  </reporter-output>
  <suite name="Suite" duration-ms="5035" started-at="2018-06-06T18:48:42Z" finished-at="2018-06-06T18:48:47Z">
    <groups>
    </groups>
    <test name="Test" duration-ms="5035" started-at="2018-06-06T18:48:42Z" finished-at="2018-06-06T18:48:47Z">
      <class name="Test.HomePageTest">
        <test-method status="PASS" signature="beforeMethod()[pri:0, instance:Test.HomePageTest@343f4d3d]" name="beforeMethod" is-config="true" duration-ms="4801" started-at="2018-06-06T18:48:42Z" finished-at="2018-06-06T18:48:46Z">
          <reporter-output>
          </reporter-output>
        </test-method> <!-- beforeMethod -->
        <test-method status="PASS" signature="verifySearch()[pri:0, instance:Test.HomePageTest@343f4d3d]" name="verifySearch" duration-ms="133" started-at="2018-06-06T18:48:46Z" finished-at="2018-06-06T18:48:47Z">
          <reporter-output>
          </reporter-output>
        </test-method> <!-- verifySearch -->
        <test-method status="PASS" signature="afterMethod()[pri:0, instance:Test.HomePageTest@343f4d3d]" name="afterMethod" is-config="true" duration-ms="76" started-at="2018-06-06T18:48:47Z" finished-at="2018-06-06T18:48:47Z">
          <reporter-output>
          </reporter-output>
        </test-method> <!-- afterMethod -->
      </class> <!-- Test.HomePageTest -->
    </test> <!-- Test -->
  </suite> <!-- Suite -->
</testng-results>
